<?xml version="1.0" encoding="UTF-8"?>
<!-- Generated by org.testng.reporters.JUnitReportReporter -->
<testsuite hostname="AMR" name="com.FCI.SWE.Models.pageTest" tests="6" failures="0" timestamp="10 May 2015 19:51:19 GMT" time="0.528" errors="4">
  <testcase name="newpagepost" time="0.003" classname="com.FCI.SWE.Models.pageTest">
    <error type="java.lang.NoSuchMethodError" message="com.google.appengine.tools.development.LocalServiceContext.getAppDir()Ljava/io/File;">
      <![CDATA[java.lang.NoSuchMethodError: com.google.appengine.tools.development.LocalServiceContext.getAppDir()Ljava/io/File;
	at com.google.appengine.api.datastore.dev.LocalDatastoreService.init(LocalDatastoreService.java:254)
	at com.google.appengine.tools.development.ApiProxyLocalImpl.startServices(ApiProxyLocalImpl.java:380)
	at com.google.appengine.tools.development.ApiProxyLocalImpl.access$600(ApiProxyLocalImpl.java:42)
	at com.google.appengine.tools.development.ApiProxyLocalImpl$2.run(ApiProxyLocalImpl.java:363)
	at com.google.appengine.tools.development.ApiProxyLocalImpl$2.run(ApiProxyLocalImpl.java:361)
	at java.security.AccessController.doPrivileged(Native Method)
	at com.google.appengine.tools.development.ApiProxyLocalImpl.getService(ApiProxyLocalImpl.java:360)
	at com.google.appengine.tools.development.ApiProxyLocalImpl$AsyncApiCall.call(ApiProxyLocalImpl.java:282)
	at com.google.appengine.tools.development.ApiProxyLocalImpl$AsyncApiCall.call(ApiProxyLocalImpl.java:265)
	at java.util.concurrent.Executors$PrivilegedCallable$1.run(Executors.java:493)
	at java.security.AccessController.doPrivileged(Native Method)
	at java.util.concurrent.Executors$PrivilegedCallable.call(Executors.java:490)
	at java.util.concurrent.FutureTask.run(FutureTask.java:262)
	at java.util.concurrent.ThreadPoolExecutor.runWorker(ThreadPoolExecutor.java:1145)
	at java.util.concurrent.ThreadPoolExecutor$Worker.run(ThreadPoolExecutor.java:615)
	at java.lang.Thread.run(Thread.java:745)
]]>
    </error>
  </testcase> <!-- newpagepost -->
  <testcase name="gethashes" time="0.004" classname="com.FCI.SWE.Models.pageTest"/>
  <testcase name="PageSearch" time="0.021" classname="com.FCI.SWE.Models.pageTest"/>
  <testcase name="newpage" time="0.005" classname="com.FCI.SWE.Models.pageTest">
    <error type="java.lang.NoSuchMethodError" message="com.google.appengine.tools.development.LocalServiceContext.getAppDir()Ljava/io/File;">
      <![CDATA[java.lang.NoSuchMethodError: com.google.appengine.tools.development.LocalServiceContext.getAppDir()Ljava/io/File;
	at com.google.appengine.api.datastore.dev.LocalDatastoreService.init(LocalDatastoreService.java:254)
	at com.google.appengine.tools.development.ApiProxyLocalImpl.startServices(ApiProxyLocalImpl.java:380)
	at com.google.appengine.tools.development.ApiProxyLocalImpl.access$600(ApiProxyLocalImpl.java:42)
	at com.google.appengine.tools.development.ApiProxyLocalImpl$2.run(ApiProxyLocalImpl.java:363)
	at com.google.appengine.tools.development.ApiProxyLocalImpl$2.run(ApiProxyLocalImpl.java:361)
	at java.security.AccessController.doPrivileged(Native Method)
	at com.google.appengine.tools.development.ApiProxyLocalImpl.getService(ApiProxyLocalImpl.java:360)
	at com.google.appengine.tools.development.ApiProxyLocalImpl$AsyncApiCall.call(ApiProxyLocalImpl.java:282)
	at com.google.appengine.tools.development.ApiProxyLocalImpl$AsyncApiCall.call(ApiProxyLocalImpl.java:265)
	at java.util.concurrent.Executors$PrivilegedCallable$1.run(Executors.java:493)
	at java.security.AccessController.doPrivileged(Native Method)
	at java.util.concurrent.Executors$PrivilegedCallable.call(Executors.java:490)
	at java.util.concurrent.FutureTask.run(FutureTask.java:262)
	at java.util.concurrent.ThreadPoolExecutor.runWorker(ThreadPoolExecutor.java:1145)
	at java.util.concurrent.ThreadPoolExecutor$Worker.run(ThreadPoolExecutor.java:615)
	at java.lang.Thread.run(Thread.java:745)
]]>
    </error>
  </testcase> <!-- newpage -->
  <testcase name="LikePost" time="0.013" classname="com.FCI.SWE.Models.pageTest">
    <error type="java.lang.Error" message="Unresolved compilation problem: 
	The method assertEquals(Object, Object) is ambiguous for the type Assert
">
      <![CDATA[java.lang.Error: Unresolved compilation problem: 
	The method assertEquals(Object, Object) is ambiguous for the type Assert

	at com.FCI.SWE.Models.pageTest.LikePost(pageTest.java:34)
	at sun.reflect.NativeMethodAccessorImpl.invoke0(Native Method)
	at sun.reflect.NativeMethodAccessorImpl.invoke(NativeMethodAccessorImpl.java:57)
	at sun.reflect.DelegatingMethodAccessorImpl.invoke(DelegatingMethodAccessorImpl.java:43)
	at java.lang.reflect.Method.invoke(Method.java:606)
	at org.testng.internal.MethodInvocationHelper.invokeMethod(MethodInvocationHelper.java:85)
	at org.testng.internal.Invoker.invokeMethod(Invoker.java:659)
	at org.testng.internal.Invoker.invokeTestMethod(Invoker.java:845)
	at org.testng.internal.Invoker.invokeTestMethods(Invoker.java:1153)
	at org.testng.internal.TestMethodWorker.invokeTestMethods(TestMethodWorker.java:125)
	at org.testng.internal.TestMethodWorker.run(TestMethodWorker.java:108)
	at org.testng.TestRunner.privateRun(TestRunner.java:771)
	at org.testng.TestRunner.run(TestRunner.java:621)
	at org.testng.SuiteRunner.runTest(SuiteRunner.java:352)
	at org.testng.SuiteRunner.runSequentially(SuiteRunner.java:347)
	at org.testng.SuiteRunner.privateRun(SuiteRunner.java:305)
	at org.testng.SuiteRunner.run(SuiteRunner.java:254)
	at org.testng.SuiteRunnerWorker.runSuite(SuiteRunnerWorker.java:52)
	at org.testng.SuiteRunnerWorker.run(SuiteRunnerWorker.java:86)
	at org.testng.TestNG.runSuitesSequentially(TestNG.java:1199)
	at org.testng.TestNG.runSuitesLocally(TestNG.java:1124)
	at org.testng.TestNG.run(TestNG.java:1032)
	at org.testng.remote.RemoteTestNG.run(RemoteTestNG.java:111)
	at org.testng.remote.RemoteTestNG.initAndRun(RemoteTestNG.java:204)
	at org.testng.remote.RemoteTestNG.main(RemoteTestNG.java:175)
]]>
    </error>
  </testcase> <!-- LikePost -->
  <testcase name="ViewPosts" time="0.482" classname="com.FCI.SWE.Models.pageTest">
    <error type="java.lang.NoSuchMethodError" message="com.google.appengine.tools.development.LocalServiceContext.getAppDir()Ljava/io/File;">
      <![CDATA[java.lang.NoSuchMethodError: com.google.appengine.tools.development.LocalServiceContext.getAppDir()Ljava/io/File;
	at com.google.appengine.api.datastore.dev.LocalDatastoreService.init(LocalDatastoreService.java:254)
	at com.google.appengine.tools.development.ApiProxyLocalImpl.startServices(ApiProxyLocalImpl.java:380)
	at com.google.appengine.tools.development.ApiProxyLocalImpl.access$600(ApiProxyLocalImpl.java:42)
	at com.google.appengine.tools.development.ApiProxyLocalImpl$2.run(ApiProxyLocalImpl.java:363)
	at com.google.appengine.tools.development.ApiProxyLocalImpl$2.run(ApiProxyLocalImpl.java:361)
	at java.security.AccessController.doPrivileged(Native Method)
	at com.google.appengine.tools.development.ApiProxyLocalImpl.getService(ApiProxyLocalImpl.java:360)
	at com.google.appengine.tools.development.ApiProxyLocalImpl$AsyncApiCall.call(ApiProxyLocalImpl.java:282)
	at com.google.appengine.tools.development.ApiProxyLocalImpl$AsyncApiCall.call(ApiProxyLocalImpl.java:265)
	at java.util.concurrent.Executors$PrivilegedCallable$1.run(Executors.java:493)
	at java.security.AccessController.doPrivileged(Native Method)
	at java.util.concurrent.Executors$PrivilegedCallable.call(Executors.java:490)
	at java.util.concurrent.FutureTask.run(FutureTask.java:262)
	at java.util.concurrent.ThreadPoolExecutor.runWorker(ThreadPoolExecutor.java:1145)
	at java.util.concurrent.ThreadPoolExecutor$Worker.run(ThreadPoolExecutor.java:615)
	at java.lang.Thread.run(Thread.java:745)
]]>
    </error>
  </testcase> <!-- ViewPosts -->
</testsuite> <!-- com.FCI.SWE.Models.pageTest -->
