<?xml version="1.0" encoding="UTF-8"?>
<!-- Generated by org.testng.reporters.JUnitReportReporter -->
<testsuite hostname="AMR" name="com.FCI.SWE.Models.PostTest" tests="5" failures="0" timestamp="10 May 2015 20:15:52 GMT" time="0.455" errors="3">
  <testcase name="LikePost" time="0.441" classname="com.FCI.SWE.Models.PostTest">
    <error type="java.lang.NullPointerException" message="No API environment is registered for this thread.">
      <![CDATA[java.lang.NullPointerException: No API environment is registered for this thread.
	at com.google.appengine.api.datastore.DatastoreApiHelper.getCurrentAppId(DatastoreApiHelper.java:117)
	at com.google.appengine.api.datastore.DatastoreApiHelper.getCurrentAppIdNamespace(DatastoreApiHelper.java:133)
	at com.google.appengine.api.datastore.Query.<init>(Query.java:215)
	at com.google.appengine.api.datastore.Query.<init>(Query.java:144)
	at com.FCI.SWE.Models.Post.LikePost(Post.java:206)
	at com.FCI.SWE.Models.PostTest.LikePost(PostTest.java:18)
	at sun.reflect.NativeMethodAccessorImpl.invoke0(Native Method)
	at sun.reflect.NativeMethodAccessorImpl.invoke(NativeMethodAccessorImpl.java:57)
	at sun.reflect.DelegatingMethodAccessorImpl.invoke(DelegatingMethodAccessorImpl.java:43)
	at java.lang.reflect.Method.invoke(Method.java:606)
	at org.testng.internal.MethodInvocationHelper.invokeMethod(MethodInvocationHelper.java:85)
	at org.testng.internal.Invoker.invokeMethod(Invoker.java:659)
	at org.testng.internal.Invoker.invokeTestMethod(Invoker.java:845)
	at org.testng.internal.Invoker.invokeTestMethods(Invoker.java:1153)
	at org.testng.internal.TestMethodWorker.invokeTestMethods(TestMethodWorker.java:125)
	at org.testng.internal.TestMethodWorker.run(TestMethodWorker.java:108)
	at org.testng.TestRunner.privateRun(TestRunner.java:771)
	at org.testng.TestRunner.run(TestRunner.java:621)
	at org.testng.SuiteRunner.runTest(SuiteRunner.java:352)
	at org.testng.SuiteRunner.runSequentially(SuiteRunner.java:347)
	at org.testng.SuiteRunner.privateRun(SuiteRunner.java:305)
	at org.testng.SuiteRunner.run(SuiteRunner.java:254)
	at org.testng.SuiteRunnerWorker.runSuite(SuiteRunnerWorker.java:52)
	at org.testng.SuiteRunnerWorker.run(SuiteRunnerWorker.java:86)
	at org.testng.TestNG.runSuitesSequentially(TestNG.java:1199)
	at org.testng.TestNG.runSuitesLocally(TestNG.java:1124)
	at org.testng.TestNG.run(TestNG.java:1032)
	at org.testng.remote.RemoteTestNG.run(RemoteTestNG.java:111)
	at org.testng.remote.RemoteTestNG.initAndRun(RemoteTestNG.java:204)
	at org.testng.remote.RemoteTestNG.main(RemoteTestNG.java:175)
]]>
    </error>
  </testcase> <!-- LikePost -->
  <testcase name="getContent" time="0.007" classname="com.FCI.SWE.Models.PostTest"/>
  <testcase name="ViewPosts" time="0.003" classname="com.FCI.SWE.Models.PostTest">
    <error type="java.lang.NullPointerException" message="No API environment is registered for this thread.">
      <![CDATA[java.lang.NullPointerException: No API environment is registered for this thread.
	at com.google.appengine.api.datastore.DatastoreApiHelper.getCurrentAppId(DatastoreApiHelper.java:117)
	at com.google.appengine.api.datastore.DatastoreApiHelper.getCurrentAppIdNamespace(DatastoreApiHelper.java:133)
	at com.google.appengine.api.datastore.Query.<init>(Query.java:215)
	at com.google.appengine.api.datastore.Query.<init>(Query.java:144)
	at com.FCI.SWE.Models.Friends.Friendlist(Friends.java:43)
	at com.FCI.SWE.Models.Post.ViewPosts(Post.java:160)
	at com.FCI.SWE.Models.PostTest.ViewPosts(PostTest.java:31)
	at sun.reflect.NativeMethodAccessorImpl.invoke0(Native Method)
	at sun.reflect.NativeMethodAccessorImpl.invoke(NativeMethodAccessorImpl.java:57)
	at sun.reflect.DelegatingMethodAccessorImpl.invoke(DelegatingMethodAccessorImpl.java:43)
	at java.lang.reflect.Method.invoke(Method.java:606)
	at org.testng.internal.MethodInvocationHelper.invokeMethod(MethodInvocationHelper.java:85)
	at org.testng.internal.Invoker.invokeMethod(Invoker.java:659)
	at org.testng.internal.Invoker.invokeTestMethod(Invoker.java:845)
	at org.testng.internal.Invoker.invokeTestMethods(Invoker.java:1153)
	at org.testng.internal.TestMethodWorker.invokeTestMethods(TestMethodWorker.java:125)
	at org.testng.internal.TestMethodWorker.run(TestMethodWorker.java:108)
	at org.testng.TestRunner.privateRun(TestRunner.java:771)
	at org.testng.TestRunner.run(TestRunner.java:621)
	at org.testng.SuiteRunner.runTest(SuiteRunner.java:352)
	at org.testng.SuiteRunner.runSequentially(SuiteRunner.java:347)
	at org.testng.SuiteRunner.privateRun(SuiteRunner.java:305)
	at org.testng.SuiteRunner.run(SuiteRunner.java:254)
	at org.testng.SuiteRunnerWorker.runSuite(SuiteRunnerWorker.java:52)
	at org.testng.SuiteRunnerWorker.run(SuiteRunnerWorker.java:86)
	at org.testng.TestNG.runSuitesSequentially(TestNG.java:1199)
	at org.testng.TestNG.runSuitesLocally(TestNG.java:1124)
	at org.testng.TestNG.run(TestNG.java:1032)
	at org.testng.remote.RemoteTestNG.run(RemoteTestNG.java:111)
	at org.testng.remote.RemoteTestNG.initAndRun(RemoteTestNG.java:204)
	at org.testng.remote.RemoteTestNG.main(RemoteTestNG.java:175)
]]>
    </error>
  </testcase> <!-- ViewPosts -->
  <testcase name="newpost" time="0.002" classname="com.FCI.SWE.Models.PostTest">
    <error type="java.lang.NullPointerException" message="No API environment is registered for this thread.">
      <![CDATA[java.lang.NullPointerException: No API environment is registered for this thread.
	at com.google.appengine.api.datastore.DatastoreApiHelper.getCurrentAppId(DatastoreApiHelper.java:117)
	at com.google.appengine.api.datastore.DatastoreApiHelper.getCurrentAppIdNamespace(DatastoreApiHelper.java:133)
	at com.google.appengine.api.datastore.Query.<init>(Query.java:215)
	at com.google.appengine.api.datastore.Query.<init>(Query.java:144)
	at com.FCI.SWE.Models.Post.newpost(Post.java:108)
	at com.FCI.SWE.Models.PostTest.newpost(PostTest.java:49)
	at sun.reflect.NativeMethodAccessorImpl.invoke0(Native Method)
	at sun.reflect.NativeMethodAccessorImpl.invoke(NativeMethodAccessorImpl.java:57)
	at sun.reflect.DelegatingMethodAccessorImpl.invoke(DelegatingMethodAccessorImpl.java:43)
	at java.lang.reflect.Method.invoke(Method.java:606)
	at org.testng.internal.MethodInvocationHelper.invokeMethod(MethodInvocationHelper.java:85)
	at org.testng.internal.Invoker.invokeMethod(Invoker.java:659)
	at org.testng.internal.Invoker.invokeTestMethod(Invoker.java:845)
	at org.testng.internal.Invoker.invokeTestMethods(Invoker.java:1153)
	at org.testng.internal.TestMethodWorker.invokeTestMethods(TestMethodWorker.java:125)
	at org.testng.internal.TestMethodWorker.run(TestMethodWorker.java:108)
	at org.testng.TestRunner.privateRun(TestRunner.java:771)
	at org.testng.TestRunner.run(TestRunner.java:621)
	at org.testng.SuiteRunner.runTest(SuiteRunner.java:352)
	at org.testng.SuiteRunner.runSequentially(SuiteRunner.java:347)
	at org.testng.SuiteRunner.privateRun(SuiteRunner.java:305)
	at org.testng.SuiteRunner.run(SuiteRunner.java:254)
	at org.testng.SuiteRunnerWorker.runSuite(SuiteRunnerWorker.java:52)
	at org.testng.SuiteRunnerWorker.run(SuiteRunnerWorker.java:86)
	at org.testng.TestNG.runSuitesSequentially(TestNG.java:1199)
	at org.testng.TestNG.runSuitesLocally(TestNG.java:1124)
	at org.testng.TestNG.run(TestNG.java:1032)
	at org.testng.remote.RemoteTestNG.run(RemoteTestNG.java:111)
	at org.testng.remote.RemoteTestNG.initAndRun(RemoteTestNG.java:204)
	at org.testng.remote.RemoteTestNG.main(RemoteTestNG.java:175)
]]>
    </error>
  </testcase> <!-- newpost -->
  <testcase name="getFeelings" time="0.002" classname="com.FCI.SWE.Models.PostTest"/>
</testsuite> <!-- com.FCI.SWE.Models.PostTest -->
