<?xml version="1.0" encoding="UTF-8"?>
<!-- Generated by org.testng.reporters.JUnitReportReporter -->
<testsuite hostname="AMR" name="com.FCI.SWE.Models.Page_timeLineTest" tests="1" failures="0" timestamp="10 May 2015 18:51:52 GMT" time="0.041" errors="0">
  <testcase name="getPage_id" time="0.041" classname="com.FCI.SWE.Models.Page_timeLineTest"/>
</testsuite> <!-- com.FCI.SWE.Models.Page_timeLineTest -->
