<?xml version="1.0" encoding="UTF-8"?>
<!-- Generated by org.testng.reporters.JUnitReportReporter -->
<testsuite hostname="AMR" name="com.FCI.SWE.Models.NotificationsTest" tests="2" failures="0" timestamp="10 May 2015 20:35:57 GMT" time="0.540" errors="1">
  <testcase name="Notifications" time="0.012" classname="com.FCI.SWE.Models.NotificationsTest"/>
  <testcase name="Notifiy" time="0.528" classname="com.FCI.SWE.Models.NotificationsTest">
    <error type="java.lang.NoSuchMethodError" message="com.google.appengine.tools.development.LocalServiceContext.getAppDir()Ljava/io/File;">
      <![CDATA[java.lang.NoSuchMethodError: com.google.appengine.tools.development.LocalServiceContext.getAppDir()Ljava/io/File;
	at com.google.appengine.api.datastore.dev.LocalDatastoreService.init(LocalDatastoreService.java:254)
	at com.google.appengine.tools.development.ApiProxyLocalImpl.startServices(ApiProxyLocalImpl.java:380)
	at com.google.appengine.tools.development.ApiProxyLocalImpl.access$600(ApiProxyLocalImpl.java:42)
	at com.google.appengine.tools.development.ApiProxyLocalImpl$2.run(ApiProxyLocalImpl.java:363)
	at com.google.appengine.tools.development.ApiProxyLocalImpl$2.run(ApiProxyLocalImpl.java:361)
	at java.security.AccessController.doPrivileged(Native Method)
	at com.google.appengine.tools.development.ApiProxyLocalImpl.getService(ApiProxyLocalImpl.java:360)
	at com.google.appengine.tools.development.ApiProxyLocalImpl$AsyncApiCall.call(ApiProxyLocalImpl.java:282)
	at com.google.appengine.tools.development.ApiProxyLocalImpl$AsyncApiCall.call(ApiProxyLocalImpl.java:265)
	at java.util.concurrent.Executors$PrivilegedCallable$1.run(Executors.java:493)
	at java.security.AccessController.doPrivileged(Native Method)
	at java.util.concurrent.Executors$PrivilegedCallable.call(Executors.java:490)
	at java.util.concurrent.FutureTask.run(FutureTask.java:262)
	at java.util.concurrent.ThreadPoolExecutor.runWorker(ThreadPoolExecutor.java:1145)
	at java.util.concurrent.ThreadPoolExecutor$Worker.run(ThreadPoolExecutor.java:615)
	at java.lang.Thread.run(Thread.java:745)
]]>
    </error>
  </testcase> <!-- Notifiy -->
</testsuite> <!-- com.FCI.SWE.Models.NotificationsTest -->
